
  .   ____          _            __ _ _
 /\\ / ___'_ __ _ _(_)_ __  __ _ \ \ \ \
( ( )\___ | '_ | '_| | '_ \/ _` | \ \ \ \
 \\/  ___)| |_)| | | | | || (_| |  ) ) ) )
  '  |____| .__|_| |_|_| |_\__, | / / / /
 =========|_|==============|___/=/_/_/_/
 :: Spring Boot ::  (v2.3.4.BUILD-SNAPSHOT)

2020-08-29 20:33:06.140  INFO 21061 --- [           main] t.eportfolio.server.ServerApplication    : Starting ServerApplication on haswell-Virtual-Machine with PID 21061 (/home/haswell/COMP30022BackEndDev/build/libs/server-0.0.1-SNAPSHOT.jar started by haswell in /home/haswell/COMP30022BackEndDev)
2020-08-29 20:33:06.162  INFO 21061 --- [           main] t.eportfolio.server.ServerApplication    : No active profile set, falling back to default profiles: default
2020-08-29 20:33:20.779  INFO 21061 --- [           main] .s.d.r.c.RepositoryConfigurationDelegate : Multiple Spring Data modules found, entering strict repository configuration mode!
2020-08-29 20:33:20.790  INFO 21061 --- [           main] .s.d.r.c.RepositoryConfigurationDelegate : Bootstrapping Spring Data JPA repositories in DEFERRED mode.
2020-08-29 20:33:22.267  INFO 21061 --- [           main] .s.d.r.c.RepositoryConfigurationDelegate : Finished Spring Data repository scanning in 1417ms. Found 2 JPA repository interfaces.
2020-08-29 20:33:22.565  INFO 21061 --- [           main] .s.d.r.c.RepositoryConfigurationDelegate : Multiple Spring Data modules found, entering strict repository configuration mode!
2020-08-29 20:33:22.579  INFO 21061 --- [           main] .s.d.r.c.RepositoryConfigurationDelegate : Bootstrapping Spring Data Redis repositories in DEFAULT mode.
2020-08-29 20:33:22.712  INFO 21061 --- [           main] .RepositoryConfigurationExtensionSupport : Spring Data Redis - Could not safely identify store assignment for repository candidate interface tech.eportfolio.server.repository.TagRepository. If you want this repository to be a Redis repository, consider annotating your entities with one of these annotations: org.springframework.data.redis.core.RedisHash (preferred), or consider extending one of the following types with your repository: org.springframework.data.keyvalue.repository.KeyValueRepository.
2020-08-29 20:33:22.725  INFO 21061 --- [           main] .RepositoryConfigurationExtensionSupport : Spring Data Redis - Could not safely identify store assignment for repository candidate interface tech.eportfolio.server.repository.UserRepository. If you want this repository to be a Redis repository, consider annotating your entities with one of these annotations: org.springframework.data.redis.core.RedisHash (preferred), or consider extending one of the following types with your repository: org.springframework.data.keyvalue.repository.KeyValueRepository.
2020-08-29 20:33:22.726  INFO 21061 --- [           main] .s.d.r.c.RepositoryConfigurationDelegate : Finished Spring Data repository scanning in 59ms. Found 0 Redis repository interfaces.
2020-08-29 20:33:29.219  INFO 21061 --- [           main] o.s.b.w.embedded.tomcat.TomcatWebServer  : Tomcat initialized with port(s): 8090 (http)
2020-08-29 20:33:29.282  INFO 21061 --- [           main] o.apache.catalina.core.StandardService   : Starting service [Tomcat]
2020-08-29 20:33:29.289  INFO 21061 --- [           main] org.apache.catalina.core.StandardEngine  : Starting Servlet engine: [Apache Tomcat/9.0.37]
2020-08-29 20:33:29.627  INFO 21061 --- [           main] o.a.c.c.C.[Tomcat].[localhost].[/]       : Initializing Spring embedded WebApplicationContext
2020-08-29 20:33:29.630  INFO 21061 --- [           main] w.s.c.ServletWebServerApplicationContext : Root WebApplicationContext: initialization completed in 22621 ms
Loading class `com.mysql.jdbc.Driver'. This is deprecated. The new driver class is `com.mysql.cj.jdbc.Driver'. The driver is automatically registered via the SPI and manual loading of the driver class is generally unnecessary.
2020-08-29 20:33:35.525  INFO 21061 --- [           main] o.s.s.concurrent.ThreadPoolTaskExecutor  : Initializing ExecutorService 'applicationTaskExecutor'
2020-08-29 20:33:35.919  INFO 21061 --- [         task-1] o.hibernate.jpa.internal.util.LogHelper  : HHH000204: Processing PersistenceUnitInfo [name: default]
2020-08-29 20:33:36.581  WARN 21061 --- [           main] JpaBaseConfiguration$JpaWebConfiguration : spring.jpa.open-in-view is enabled by default. Therefore, database queries may be performed during view rendering. Explicitly configure spring.jpa.open-in-view to disable this warning
2020-08-29 20:33:36.956  INFO 21061 --- [         task-1] org.hibernate.Version                    : HHH000412: Hibernate ORM core version 5.4.20.Final
2020-08-29 20:33:40.019  INFO 21061 --- [         task-1] o.hibernate.annotations.common.Version   : HCANN000001: Hibernate Commons Annotations {5.1.0.Final}
2020-08-29 20:33:42.305  INFO 21061 --- [         task-1] com.zaxxer.hikari.HikariDataSource       : HikariPool-1 - Starting...
2020-08-29 20:33:42.505  WARN 21061 --- [         task-1] com.zaxxer.hikari.util.DriverDataSource  : Registered driver with driverClassName=com.mysql.jdbc.Driver was not found, trying direct instantiation.
2020-08-29 20:33:43.390  INFO 21061 --- [           main] o.s.b.a.e.web.EndpointLinksResolver      : Exposing 2 endpoint(s) beneath base path '/actuator'
2020-08-29 20:33:44.331  INFO 21061 --- [           main] pertySourcedRequestMappingHandlerMapping : Mapped URL path [/v2/api-docs] onto method [springfox.documentation.swagger2.web.Swagger2Controller#getDocumentation(String, HttpServletRequest)]
2020-08-29 20:33:45.156  INFO 21061 --- [         task-1] com.zaxxer.hikari.HikariDataSource       : HikariPool-1 - Start completed.
2020-08-29 20:33:45.393  INFO 21061 --- [         task-1] org.hibernate.dialect.Dialect            : HHH000400: Using dialect: org.hibernate.dialect.MySQL5InnoDBDialect
2020-08-29 20:33:54.357  INFO 21061 --- [         task-1] o.h.e.t.j.p.i.JtaPlatformInitiator       : HHH000490: Using JtaPlatform implementation: [org.hibernate.engine.transaction.jta.platform.internal.NoJtaPlatform]
2020-08-29 20:33:54.455  INFO 21061 --- [         task-1] j.LocalContainerEntityManagerFactoryBean : Initialized JPA EntityManagerFactory for persistence unit 'default'
2020-08-29 20:33:56.557  INFO 21061 --- [           main] o.s.s.web.DefaultSecurityFilterChain     : Creating filter chain: any request, [org.springframework.security.web.context.request.async.WebAsyncManagerIntegrationFilter@46383a78, org.springframework.security.web.context.SecurityContextPersistenceFilter@4317850d, org.springframework.security.web.header.HeaderWriterFilter@7e72a6cc, org.springframework.security.web.authentication.logout.LogoutFilter@869d87c, org.springframework.security.web.savedrequest.RequestCacheAwareFilter@6cd64b3f, org.springframework.security.web.servletapi.SecurityContextHolderAwareRequestFilter@6de6faa6, org.springframework.security.web.authentication.AnonymousAuthenticationFilter@36c281ed, org.springframework.security.web.session.SessionManagementFilter@5478ce1e, org.springframework.security.web.access.ExceptionTranslationFilter@39e69ea7, org.springframework.security.web.access.intercept.FilterSecurityInterceptor@7b81616b]
2020-08-29 20:34:00.527  INFO 21061 --- [           main] org.quartz.impl.StdSchedulerFactory      : Using default implementation for ThreadExecutor
2020-08-29 20:34:00.665  INFO 21061 --- [           main] org.quartz.core.SchedulerSignalerImpl    : Initialized Scheduler Signaller of type: class org.quartz.core.SchedulerSignalerImpl
2020-08-29 20:34:00.668  INFO 21061 --- [           main] org.quartz.core.QuartzScheduler          : Quartz Scheduler v.2.3.2 created.
2020-08-29 20:34:00.682  INFO 21061 --- [           main] org.quartz.simpl.RAMJobStore             : RAMJobStore initialized.
2020-08-29 20:34:00.690  INFO 21061 --- [           main] org.quartz.core.QuartzScheduler          : Scheduler meta-data: Quartz Scheduler (v2.3.2) 'quartzScheduler' with instanceId 'NON_CLUSTERED'
  Scheduler class: 'org.quartz.core.QuartzScheduler' - running locally.
  NOT STARTED.
  Currently in standby mode.
  Number of jobs executed: 0
  Using thread pool 'org.quartz.simpl.SimpleThreadPool' - with 10 threads.
  Using job-store 'org.quartz.simpl.RAMJobStore' - which does not support persistence. and is not clustered.

2020-08-29 20:34:00.692  INFO 21061 --- [           main] org.quartz.impl.StdSchedulerFactory      : Quartz scheduler 'quartzScheduler' initialized from an externally provided properties instance.
2020-08-29 20:34:00.701  INFO 21061 --- [           main] org.quartz.impl.StdSchedulerFactory      : Quartz scheduler version: 2.3.2
2020-08-29 20:34:00.706  INFO 21061 --- [           main] org.quartz.core.QuartzScheduler          : JobFactory set to: org.springframework.scheduling.quartz.SpringBeanJobFactory@550e9be6
2020-08-29 20:34:01.315  INFO 21061 --- [           main] o.s.b.w.embedded.tomcat.TomcatWebServer  : Tomcat started on port(s): 8090 (http) with context path ''
2020-08-29 20:34:01.339  INFO 21061 --- [           main] d.s.w.p.DocumentationPluginsBootstrapper : Context refreshed
2020-08-29 20:34:01.491  INFO 21061 --- [           main] d.s.w.p.DocumentationPluginsBootstrapper : Found 1 custom documentation plugin(s)

  .   ____          _            __ _ _
 /\\ / ___'_ __ _ _(_)_ __  __ _ \ \ \ \
( ( )\___ | '_ | '_| | '_ \/ _` | \ \ \ \
 \\/  ___)| |_)| | | | | || (_| |  ) ) ) )
  '  |____| .__|_| |_|_| |_\__, | / / / /
 =========|_|==============|___/=/_/_/_/
 :: Spring Boot ::  (v2.3.4.BUILD-SNAPSHOT)

2020-08-29 20:34:19.325  INFO 21310 --- [           main] t.eportfolio.server.ServerApplication    : Starting ServerApplication on haswell-Virtual-Machine with PID 21310 (/home/haswell/COMP30022BackEndDev/build/libs/server-0.0.1-SNAPSHOT.jar started by haswell in /home/haswell/COMP30022BackEndDev)
2020-08-29 20:34:19.339  INFO 21310 --- [           main] t.eportfolio.server.ServerApplication    : No active profile set, falling back to default profiles: default
